<?xml version="1.0" encoding="UTF-8"?>
<!-- Generated by org.testng.reporters.JUnitReportReporter -->
<testsuite hostname="Samers-MacBook-Air.local" failures="0" tests="1" name="tests.SignupTest" time="84.509" errors="0" timestamp="2025-05-11T18:26:38 EEST" skipped="0">
  <testcase classname="tests.SignupTest" name="testSignup" time="84.509"/>
</testsuite> <!-- tests.SignupTest -->
